[debug] [2020-12-16T08:20:54.484Z] ----------------------------------------------------------------------
[debug] [2020-12-16T08:20:54.486Z] Command:       C:\Program Files\nodejs\node.exe C:\Users\Home\AppData\Roaming\npm\node_modules\firebase-tools\lib\bin\firebase.js functions:shell
[debug] [2020-12-16T08:20:54.486Z] CLI Version:   9.0.0
[debug] [2020-12-16T08:20:54.486Z] Platform:      win32
[debug] [2020-12-16T08:20:54.486Z] Node Version:  v12.18.1
[debug] [2020-12-16T08:20:54.487Z] Time:          Wed Dec 16 2020 13:50:54 GMT+0530 (India Standard Time)
[debug] [2020-12-16T08:20:54.487Z] ----------------------------------------------------------------------
[debug] [2020-12-16T08:20:54.487Z] 
[debug] [2020-12-16T08:20:54.492Z] > command requires scopes: ["email","openid","https://www.googleapis.com/auth/cloudplatformprojects.readonly","https://www.googleapis.com/auth/firebase","https://www.googleapis.com/auth/cloud-platform"]
[debug] [2020-12-16T08:20:54.493Z] > authorizing via signed-in user
[debug] [2020-12-16T08:20:54.493Z] [iam] checking project sq-restapi-firebase for permissions ["firebase.projects.get"]
[debug] [2020-12-16T08:20:54.495Z] >>> HTTP REQUEST POST https://cloudresourcemanager.googleapis.com/v1/projects/sq-restapi-firebase:testIamPermissions  
 {"permissions":["firebase.projects.get"]}
[debug] [2020-12-16T08:20:55.813Z] <<< HTTP RESPONSE 200 {"content-type":"application/json; charset=UTF-8","vary":"X-Origin, Referer, Origin,Accept-Encoding","date":"Wed, 16 Dec 2020 08:20:56 GMT","server":"ESF","cache-control":"private","x-xss-protection":"0","x-frame-options":"SAMEORIGIN","x-content-type-options":"nosniff","server-timing":"gfet4t7; dur=1178","alt-svc":"h3-29=\":443\"; ma=2592000,h3-T051=\":443\"; ma=2592000,h3-Q050=\":443\"; ma=2592000,h3-Q046=\":443\"; ma=2592000,h3-Q043=\":443\"; ma=2592000,quic=\":443\"; ma=2592000; v=\"46,43\"","accept-ranges":"none","transfer-encoding":"chunked"}
[debug] [2020-12-16T08:20:57.825Z] [functions] Using node@12 from host.
[debug] [2020-12-16T08:20:57.826Z] defaultcredentials: writing to file C:\Users\Home\AppData\Roaming\firebase\vellies6113_gmail_com_application_default_credentials.json
[debug] [2020-12-16T08:20:57.827Z] DEBUG: Setting GAC to C:\Users\Home\AppData\Roaming\firebase\vellies6113_gmail_com_application_default_credentials.json
[debug] [2020-12-16T08:20:57.832Z] [functions] Watching "D:\Project\vellies\sq\squashapps\functions" for Cloud Functions...
[debug] [2020-12-16T08:20:57.842Z] DEBUG: [worker-pool] addWorker(~diagnostic~)
[debug] [2020-12-16T08:20:57.842Z] DEBUG: [worker-pool] Adding worker with key ~diagnostic~, total=1
[debug] [2020-12-16T08:20:57.842Z] DEBUG: [worker-pool] submitWork(triggerId=)
[debug] [2020-12-16T08:20:57.843Z] DEBUG: [worker-~diagnostic~-a3e36a15-b4b1-4c68-b883-771f90b3f0f7]: Assigning socketPath: \\?\pipe\D:\Project\vellies\sq\squashapps\functions\7548
[debug] [2020-12-16T08:20:57.843Z] DEBUG: [worker-~diagnostic~-a3e36a15-b4b1-4c68-b883-771f90b3f0f7]: BUSY
[debug] [2020-12-16T08:20:58.001Z] DEBUG: [runtime-status] [7548] Functions runtime initialized. {"cwd":"D:\\Project\\vellies\\sq\\squashapps\\functions","node_version":"12.18.1"}
[debug] [2020-12-16T08:20:58.001Z] DEBUG: [runtime-status] [7548] Disabled runtime features: undefined
[debug] [2020-12-16T08:20:58.004Z] DEBUG: [runtime-status] [7548] Resolved module firebase-admin {"declared":true,"installed":true,"version":"9.4.2","resolution":"D:\\Project\\vellies\\sq\\squashapps\\functions\\node_modules\\firebase-admin\\lib\\index.js"}
[debug] [2020-12-16T08:20:58.005Z] DEBUG: [runtime-status] [7548] Resolved module firebase-functions {"declared":true,"installed":true,"version":"3.13.0","resolution":"D:\\Project\\vellies\\sq\\squashapps\\functions\\node_modules\\firebase-functions\\lib\\index.js"}
[debug] [2020-12-16T08:20:58.005Z] DEBUG: [runtime-status] [7548] Resolved module firebase-functions {"declared":true,"installed":true,"version":"3.13.0","resolution":"D:\\Project\\vellies\\sq\\squashapps\\functions\\node_modules\\firebase-functions\\lib\\index.js"}
[debug] [2020-12-16T08:20:58.007Z] DEBUG: [runtime-status] [7548] Outgoing network have been stubbed. [{"name":"http","status":"mocked"},{"name":"http","status":"mocked"},{"name":"https","status":"mocked"},{"name":"https","status":"mocked"},{"name":"net","status":"mocked"}]
[debug] [2020-12-16T08:20:58.007Z] DEBUG: [runtime-status] [7548] Resolved module firebase-functions {"declared":true,"installed":true,"version":"3.13.0","resolution":"D:\\Project\\vellies\\sq\\squashapps\\functions\\node_modules\\firebase-functions\\lib\\index.js"}
[debug] [2020-12-16T08:20:58.040Z] DEBUG: [runtime-status] [7548] Checked functions.config() {"config":{}}
[debug] [2020-12-16T08:20:58.040Z] DEBUG: [runtime-status] [7548] firebase-functions has been stubbed. {"functionsResolution":{"declared":true,"installed":true,"version":"3.13.0","resolution":"D:\\Project\\vellies\\sq\\squashapps\\functions\\node_modules\\firebase-functions\\lib\\index.js"}}
[debug] [2020-12-16T08:20:58.041Z] DEBUG: [runtime-status] [7548] Resolved module firebase-functions {"declared":true,"installed":true,"version":"3.13.0","resolution":"D:\\Project\\vellies\\sq\\squashapps\\functions\\node_modules\\firebase-functions\\lib\\index.js"}
[debug] [2020-12-16T08:20:58.041Z] DEBUG: [runtime-status] [7548] Resolved module firebase-admin {"declared":true,"installed":true,"version":"9.4.2","resolution":"D:\\Project\\vellies\\sq\\squashapps\\functions\\node_modules\\firebase-admin\\lib\\index.js"}
[debug] [2020-12-16T08:20:58.042Z] DEBUG: [runtime-status] [7548] Resolved module firebase-functions {"declared":true,"installed":true,"version":"3.13.0","resolution":"D:\\Project\\vellies\\sq\\squashapps\\functions\\node_modules\\firebase-functions\\lib\\index.js"}
[debug] [2020-12-16T08:20:58.042Z] DEBUG: [runtime-status] [7548] firebase-admin has been stubbed. {"adminResolution":{"declared":true,"installed":true,"version":"9.4.2","resolution":"D:\\Project\\vellies\\sq\\squashapps\\functions\\node_modules\\firebase-admin\\lib\\index.js"}}
[debug] [2020-12-16T08:20:58.498Z] [functions[app]] http function initialized (http://localhost:5000/sq-restapi-firebase/us-central1/app).
[info] i  functions: Loaded functions: app 
[warn] !  functions: The following emulators are not running, calls to these services will affect production: firestore, database, pubsub 
[info] >  Server is running on port 8000. {"user":"Server is running on port 8000.","metadata":{"emulator":{"name":"functions"},"message":"\u001b[90m> \u001b[39m Server is running on port 8000."}}
[debug] [2020-12-16T08:20:58.509Z] DEBUG: [worker-~diagnostic~-a3e36a15-b4b1-4c68-b883-771f90b3f0f7]: IDLE
[info] >  (node:7548) DeprecationWarning: collection.ensureIndex is deprecated. Use createIndexes instead. {"user":"(node:7548) DeprecationWarning: collection.ensureIndex is deprecated. Use createIndexes instead.","metadata":{"emulator":{"name":"functions"},"message":"\u001b[90m> \u001b[39m (node:7548) DeprecationWarning: collection.ensureIndex is deprecated. Use createIndexes instead."}}
[info] >  Connected to the database! {"user":"Connected to the database!","metadata":{"emulator":{"name":"functions"},"message":"\u001b[90m> \u001b[39m Connected to the database!"}}
